{"uuid":"5ff5ad4f-7c5f-45c8-924a-7fc3ad967a67","name":"com.cucumber.runners.TestRunnerLoginCMS","children":["b777da9b-5ee6-4313-8270-9f020283bd9d"],"befores":[{"name":"setUpClass","status":"passed","stage":"finished","description":"","steps":[],"attachments":[],"parameters":[],"start":1723429575465,"stop":1723429577931}],"afters":[{"name":"tearDownClass","status":"broken","statusDetails":{"known":false,"muted":false,"flaky":false,"message":"Extent Report file you are trying to reach got IOException while reading the file","trace":"com.cucumber.exceptions.FrameworkException: Extent Report file you are trying to reach got IOException while reading the file\r\n\tat com.cucumber.utils.ReportUtils.openReports(ReportUtils.java:46)\r\n\tat com.cucumber.hooks.Hooks.after_all(Hooks.java:58)\r\nCaused by: java.io.IOException: Failed to open file:/D:/ATFWCucumberTestNG/reports/CucumberExtentReports/CucumberExtentReports.html. Error message: The system cannot find the file specified.\r\n\r\n\tat com.cucumber.utils.ReportUtils.openReports(ReportUtils.java:46)\r\n\tat com.cucumber.hooks.Hooks.after_all(Hooks.java:58)\r\n\tat java.base/jdk.internal.reflect.NativeMethodAccessorImpl.invoke0(Native Method)\r\n\tat java.base/jdk.internal.reflect.NativeMethodAccessorImpl.invoke(NativeMethodAccessorImpl.java:77)\r\n\tat java.base/jdk.internal.reflect.DelegatingMethodAccessorImpl.invoke(DelegatingMethodAccessorImpl.java:43)\r\n\tat java.base/java.lang.reflect.Method.invoke(Method.java:568)\r\n\tat io.cucumber.java.Invoker.doInvoke(Invoker.java:66)\r\n\tat io.cucumber.java.Invoker.invokeStatic(Invoker.java:80)\r\n\tat io.cucumber.java.AbstractGlueDefinition.invokeMethod(AbstractGlueDefinition.java:45)\r\n\tat io.cucumber.java.JavaStaticHookDefinition.execute(JavaStaticHookDefinition.java:49)\r\n\tat io.cucumber.core.runner.Runner.executeHook(Runner.java:112)\r\n\tat io.cucumber.core.runner.Runner.lambda$executeHooks$2(Runner.java:99)\r\n\tat io.cucumber.core.runner.ThrowableCollector.execute(ThrowableCollector.java:21)\r\n\tat io.cucumber.core.runner.Runner.executeHooks(Runner.java:99)\r\n\tat io.cucumber.core.runner.Runner.runAfterAllHooks(Runner.java:93)\r\n\tat io.cucumber.core.runtime.RethrowingThrowableCollector.executeAndThrow(RethrowingThrowableCollector.java:23)\r\n\tat io.cucumber.core.runtime.CucumberExecutionContext.runAfterAllHooks(CucumberExecutionContext.java:98)\r\n\tat io.cucumber.testng.TestNGCucumberRunner.finish(TestNGCucumberRunner.java:143)\r\n\tat io.cucumber.testng.AbstractTestNGCucumberTests.tearDownClass(AbstractTestNGCucumberTests.java:57)\r\n\tat java.base/jdk.internal.reflect.NativeMethodAccessorImpl.invoke0(Native Method)\r\n\tat java.base/jdk.internal.reflect.NativeMethodAccessorImpl.invoke(NativeMethodAccessorImpl.java:77)\r\n\tat java.base/jdk.internal.reflect.DelegatingMethodAccessorImpl.invoke(DelegatingMethodAccessorImpl.java:43)\r\n\tat java.base/java.lang.reflect.Method.invoke(Method.java:568)\r\n\tat org.testng.internal.invokers.MethodInvocationHelper.invokeMethod(MethodInvocationHelper.java:141)\r\n\tat org.testng.internal.invokers.MethodInvocationHelper.invokeMethodConsideringTimeout(MethodInvocationHelper.java:71)\r\n\tat org.testng.internal.invokers.ConfigInvoker.invokeConfigurationMethod(ConfigInvoker.java:400)\r\n\tat org.testng.internal.invokers.ConfigInvoker.invokeConfigurations(ConfigInvoker.java:333)\r\n\tat org.testng.internal.invokers.TestMethodWorker.invokeAfterClassConfigurations(TestMethodWorker.java:238)\r\n\tat org.testng.internal.invokers.TestMethodWorker.invokeAfterClassMethods(TestMethodWorker.java:223)\r\n\tat org.testng.internal.invokers.TestMethodWorker.run(TestMethodWorker.java:137)\r\n\tat java.base/java.util.ArrayList.forEach(ArrayList.java:1511)\r\n\tat org.testng.TestRunner.privateRun(TestRunner.java:739)\r\n\tat org.testng.TestRunner.run(TestRunner.java:614)\r\n\tat org.testng.SuiteRunner.runTest(SuiteRunner.java:421)\r\n\tat org.testng.SuiteRunner.runSequentially(SuiteRunner.java:413)\r\n\tat org.testng.SuiteRunner.privateRun(SuiteRunner.java:373)\r\n\tat org.testng.SuiteRunner.run(SuiteRunner.java:312)\r\n\tat org.testng.SuiteRunnerWorker.runSuite(SuiteRunnerWorker.java:52)\r\n\tat org.testng.SuiteRunnerWorker.run(SuiteRunnerWorker.java:95)\r\n\tat org.testng.TestNG.runSuitesSequentially(TestNG.java:1274)\r\n\tat org.testng.TestNG.runSuitesLocally(TestNG.java:1208)\r\n\tat org.testng.TestNG.runSuites(TestNG.java:1112)\r\n\tat org.testng.TestNG.run(TestNG.java:1079)\r\n\tat com.intellij.rt.testng.IDEARemoteTestNG.run(IDEARemoteTestNG.java:65)\r\n\tat com.intellij.rt.testng.RemoteTestNGStarter.main(RemoteTestNGStarter.java:105)\r\n"},"stage":"finished","description":"","steps":[],"attachments":[],"parameters":[],"start":1723429585247,"stop":1723429585656}],"start":1723429575403,"stop":1723429585712}